#
# There is insufficient memory for the Java Runtime Environment to continue.
# Native memory allocation (mmap) failed to map 126877696 bytes for committing reserved memory.
# Possible reasons:
#   The system is out of physical RAM or swap space
#   In 32 bit mode, the process size limit was hit
# Possible solutions:
#   Reduce memory load on the system
#   Increase physical memory or swap space
#   Check if swap backing store is full
#   Use 64 bit Java on a 64 bit OS
#   Decrease Java heap size (-Xmx/-Xms)
#   Decrease number of Java threads
#   Decrease Java thread stack sizes (-Xss)
#   Set larger code cache with -XX:ReservedCodeCacheSize=
# This output file may be truncated or incomplete.
#
#  Out of Memory Error (os_linux.cpp:2630), pid=9593, tid=0x00007f66cc1f1700
#
# JRE version: OpenJDK Runtime Environment (8.0_111-b14) (build 1.8.0_111-8u111-b14-3-b14)
# Java VM: OpenJDK 64-Bit Server VM (25.111-b14 mixed mode linux-amd64 compressed oops)
# Failed to write core dump. Core dumps have been disabled. To enable core dumping, try "ulimit -c unlimited" before starting Java again
#

---------------  T H R E A D  ---------------

Current thread (0x00007f66dc077800):  VMThread [stack: 0x00007f66cc0f1000,0x00007f66cc1f2000] [id=9602]

Stack: [0x00007f66cc0f1000,0x00007f66cc1f2000],  sp=0x00007f66cc1f0490,  free space=1021k
Native frames: (J=compiled Java code, j=interpreted, Vv=VM code, C=native code)
V  [libjvm.so+0xa6a620]  VMError::report_and_die()+0x160
V  [libjvm.so+0x4c4e2c]  report_vm_out_of_memory(char const*, int, unsigned long, VMErrorType, char const*)+0xac
V  [libjvm.so+0x8b9c00]  os::pd_commit_memory(char*, unsigned long, unsigned long, bool)+0xf0
V  [libjvm.so+0x8b428e]  os::commit_memory(char*, unsigned long, unsigned long, bool)+0x2e
V  [libjvm.so+0x92eade]  PSVirtualSpace::expand_by(unsigned long)+0x4e
V  [libjvm.so+0x92fe63]  PSYoungGen::resize(unsigned long, unsigned long)+0x103
V  [libjvm.so+0x92c4b3]  PSScavenge::invoke_no_policy()+0x1503
V  [libjvm.so+0x9251b9]  PSParallelCompact::invoke(bool)+0x49
V  [libjvm.so+0x446d13]  CollectedHeap::collect_as_vm_thread(GCCause::Cause)+0x163
V  [libjvm.so+0xa6baf9]  VM_CollectForMetadataAllocation::doit()+0x169
V  [libjvm.so+0xa713f7]  VM_Operation::evaluate()+0x47
V  [libjvm.so+0xa6eb87]  VMThread::evaluate_operation(VM_Operation*) [clone .constprop.30]+0xe7
V  [libjvm.so+0xa70006]  VMThread::loop()+0x246
V  [libjvm.so+0xa70501]  VMThread::run()+0x81
V  [libjvm.so+0x8b7192]  java_start(Thread*)+0xf2

VM_Operation (0x00007f66e5465600): CollectForMetadataAllocation, mode: safepoint, requested by thread 0x00007f66dc00a000


---------------  P R O C E S S  ---------------

Java Threads: ( => current thread )
  0x00007f66dc0c1000 JavaThread "Service Thread" daemon [_thread_blocked, id=9609, stack(0x00007f66bf962000,0x00007f66bfa63000)]
  0x00007f66dc0b1800 JavaThread "C1 CompilerThread2" daemon [_thread_blocked, id=9608, stack(0x00007f66bfa63000,0x00007f66bfb64000)]
  0x00007f66dc0af800 JavaThread "C2 CompilerThread1" daemon [_thread_blocked, id=9607, stack(0x00007f66bfb64000,0x00007f66bfc65000)]
  0x00007f66dc0ad000 JavaThread "C2 CompilerThread0" daemon [_thread_blocked, id=9606, stack(0x00007f66bfc65000,0x00007f66bfd66000)]
  0x00007f66dc0aa800 JavaThread "Signal Dispatcher" daemon [_thread_blocked, id=9605, stack(0x00007f66bfd66000,0x00007f66bfe67000)]
  0x00007f66dc083800 JavaThread "Finalizer" daemon [_thread_blocked, id=9604, stack(0x00007f66c40ce000,0x00007f66c41cf000)]
  0x00007f66dc07f000 JavaThread "Reference Handler" daemon [_thread_blocked, id=9603, stack(0x00007f66c41cf000,0x00007f66c42d0000)]
  0x00007f66dc00a000 JavaThread "main" [_thread_blocked, id=9597, stack(0x00007f66e536c000,0x00007f66e546d000)]

Other Threads:
=>0x00007f66dc077800 VMThread [stack: 0x00007f66cc0f1000,0x00007f66cc1f2000] [id=9602]
  0x00007f66dc0c3800 WatcherThread [stack: 0x00007f66bf861000,0x00007f66bf962000] [id=9610]

VM state:at safepoint (normal execution)

VM Mutex/Monitor currently owned by a thread:  ([mutex/lock_event])
[0x00007f66dc006540] Threads_lock - owner thread: 0x00007f66dc077800
[0x00007f66dc006a40] Heap_lock - owner thread: 0x00007f66dc00a000

Heap:
 PSYoungGen      total 137216K, used 6432K [0x00000000d7380000, 0x00000000e0580000, 0x0000000100000000)
  eden space 125952K, 0% used [0x00000000d7380000,0x00000000d7380000,0x00000000dee80000)
  from space 11264K, 57% used [0x00000000dee80000,0x00000000df4c8040,0x00000000df980000)
  to   space 10240K, 0% used [0x00000000df980000,0x00000000df980000,0x00000000e0380000)
 ParOldGen       total 84992K, used 10364K [0x0000000085a00000, 0x000000008ad00000, 0x00000000d7380000)
  object space 84992K, 12% used [0x0000000085a00000,0x000000008641f360,0x000000008ad00000)
 Metaspace       used 20637K, capacity 21216K, committed 21296K, reserved 1069056K
  class space    used 2483K, capacity 2686K, committed 2688K, reserved 1048576K

Card table byte_map: [0x00007f66e168a000,0x00007f66e1a5e000] byte_map_base: 0x00007f66e125d000

Marking Bits: (ParMarkBitMap*) 0x00007f66e466b220
 Begin Bits: [0x00007f66c42d0000, 0x00007f66c6168000)
 End Bits:   [0x00007f66c6168000, 0x00007f66c8000000)

Polling page: 0x00007f66e548e000

CodeCache: size=245760Kb used=10981Kb max_used=12014Kb free=234778Kb
 bounds [0x00007f66cd000000, 0x00007f66cdbd0000, 0x00007f66dc000000]
 total_blobs=3492 nmethods=3118 adapters=288
 compilation: enabled

Compilation events (10 events):
Event: 60,574 Thread 0x00007f66dc0b1800 nmethod 3337 0x00007f66cd1dee50 code [0x00007f66cd1defa0, 0x00007f66cd1df0b0]
Event: 60,575 Thread 0x00007f66dc0b1800 3339       3       com.sun.tools.javac.util.SharedNameTable$NameImpl::getByteArray (11 bytes)
Event: 60,581 Thread 0x00007f66dc0b1800 nmethod 3339 0x00007f66cd16d9d0 code [0x00007f66cd16db40, 0x00007f66cd16dd90]
Event: 60,581 Thread 0x00007f66dc0b1800 3340       1       com.sun.tools.javac.code.Symbol$PackageSymbol::getQualifiedName (5 bytes)
Event: 60,581 Thread 0x00007f66dc0b1800 nmethod 3340 0x00007f66cd227bd0 code [0x00007f66cd227d20, 0x00007f66cd227e30]
Event: 60,592 Thread 0x00007f66dc0ad000 nmethod 3341 0x00007f66cd2af810 code [0x00007f66cd2af960, 0x00007f66cd2af9b8]
Event: 63,705 Thread 0x00007f66dc0b1800 3343       3       java.io.FileInputStream::finalize (22 bytes)
Event: 63,708 Thread 0x00007f66dc0b1800 nmethod 3343 0x00007f66cd116d10 code [0x00007f66cd116e80, 0x00007f66cd117108]
Event: 63,708 Thread 0x00007f66dc0af800 3344       4       java.net.URLClassLoader$1::run (5 bytes)
Event: 63,708 Thread 0x00007f66dc0af800 nmethod 3344 0x00007f66cd485950 code [0x00007f66cd485aa0, 0x00007f66cd485b28]

GC Heap History (10 events):
Event: 1,242 GC heap after
Heap after GC invocations=2 (full 0):
 PSYoungGen      total 36864K, used 5099K [0x00000000d7380000, 0x00000000dbb80000, 0x0000000100000000)
  eden space 31744K, 0% used [0x00000000d7380000,0x00000000d7380000,0x00000000d9280000)
  from space 5120K, 99% used [0x00000000d9780000,0x00000000d9c7ada8,0x00000000d9c80000)
  to   space 5120K, 0% used [0x00000000d9280000,0x00000000d9280000,0x00000000d9780000)
 ParOldGen       total 84992K, used 879K [0x0000000085a00000, 0x000000008ad00000, 0x00000000d7380000)
  object space 84992K, 1% used [0x0000000085a00000,0x0000000085adbc00,0x000000008ad00000)
 Metaspace       used 11858K, capacity 12166K, committed 12416K, reserved 1060864K
  class space    used 1452K, capacity 1557K, committed 1664K, reserved 1048576K
}
Event: 1,868 GC heap before
{Heap before GC invocations=3 (full 0):
 PSYoungGen      total 36864K, used 36843K [0x00000000d7380000, 0x00000000dbb80000, 0x0000000100000000)
  eden space 31744K, 100% used [0x00000000d7380000,0x00000000d9280000,0x00000000d9280000)
  from space 5120K, 99% used [0x00000000d9780000,0x00000000d9c7ada8,0x00000000d9c80000)
  to   space 5120K, 0% used [0x00000000d9280000,0x00000000d9280000,0x00000000d9780000)
 ParOldGen       total 84992K, used 879K [0x0000000085a00000, 0x000000008ad00000, 0x00000000d7380000)
  object space 84992K, 1% used [0x0000000085a00000,0x0000000085adbc00,0x000000008ad00000)
 Metaspace       used 14666K, capacity 14950K, committed 15232K, reserved 1062912K
  class space    used 1754K, capacity 1865K, committed 1920K, reserved 1048576K
Event: 1,882 GC heap after
Heap after GC invocations=3 (full 0):
 PSYoungGen      total 36864K, used 5104K [0x00000000d7380000, 0x00000000dbb80000, 0x0000000100000000)
  eden space 31744K, 0% used [0x00000000d7380000,0x00000000d7380000,0x00000000d9280000)
  from space 5120K, 99% used [0x00000000d9280000,0x00000000d977c040,0x00000000d9780000)
  to   space 5120K, 0% used [0x00000000db680000,0x00000000db680000,0x00000000dbb80000)
 ParOldGen       total 84992K, used 2783K [0x0000000085a00000, 0x000000008ad00000, 0x00000000d7380000)
  object space 84992K, 3% used [0x0000000085a00000,0x0000000085cb7ee0,0x000000008ad00000)
 Metaspace       used 14666K, capacity 14950K, committed 15232K, reserved 1062912K
  class space    used 1754K, capacity 1865K, committed 1920K, reserved 1048576K
}
Event: 4,131 GC heap before
{Heap before GC invocations=4 (full 0):
 PSYoungGen      total 36864K, used 36848K [0x00000000d7380000, 0x00000000dbb80000, 0x0000000100000000)
  eden space 31744K, 100% used [0x00000000d7380000,0x00000000d9280000,0x00000000d9280000)
  from space 5120K, 99% used [0x00000000d9280000,0x00000000d977c040,0x00000000d9780000)
  to   space 5120K, 0% used [0x00000000db680000,0x00000000db680000,0x00000000dbb80000)
 ParOldGen       total 84992K, used 2783K [0x0000000085a00000, 0x000000008ad00000, 0x00000000d7380000)
  object space 84992K, 3% used [0x0000000085a00000,0x0000000085cb7ee0,0x000000008ad00000)
 Metaspace       used 16391K, capacity 16700K, committed 17024K, reserved 1064960K
  class space    used 1982K, capacity 2098K, committed 2176K, reserved 1048576K
Event: 4,142 GC heap after
Heap after GC invocations=4 (full 0):
 PSYoungGen      total 68608K, used 5104K [0x00000000d7380000, 0x00000000dbb80000, 0x0000000100000000)
  eden space 63488K, 0% used [0x00000000d7380000,0x00000000d7380000,0x00000000db180000)
  from space 5120K, 99% used [0x00000000db680000,0x00000000dbb7c010,0x00000000dbb80000)
  to   space 5120K, 0% used [0x00000000db180000,0x00000000db180000,0x00000000db680000)
 ParOldGen       total 84992K, used 6089K [0x0000000085a00000, 0x000000008ad00000, 0x00000000d7380000)
  object space 84992K, 7% used [0x0000000085a00000,0x0000000085ff2650,0x000000008ad00000)
 Metaspace       used 16391K, capacity 16700K, committed 17024K, reserved 1064960K
  class space    used 1982K, capacity 2098K, committed 2176K, reserved 1048576K
}
Event: 5,879 GC heap before
{Heap before GC invocations=5 (full 0):
 PSYoungGen      total 68608K, used 68592K [0x00000000d7380000, 0x00000000dbb80000, 0x0000000100000000)
  eden space 63488K, 100% used [0x00000000d7380000,0x00000000db180000,0x00000000db180000)
  from space 5120K, 99% used [0x00000000db680000,0x00000000dbb7c010,0x00000000dbb80000)
  to   space 5120K, 0% used [0x00000000db180000,0x00000000db180000,0x00000000db680000)
 ParOldGen       total 84992K, used 6089K [0x0000000085a00000, 0x000000008ad00000, 0x00000000d7380000)
  object space 84992K, 7% used [0x0000000085a00000,0x0000000085ff2650,0x000000008ad00000)
 Metaspace       used 17184K, capacity 17670K, committed 17920K, reserved 1064960K
  class space    used 2050K, capacity 2205K, committed 2304K, reserved 1048576K
Event: 5,898 GC heap after
Heap after GC invocations=5 (full 0):
 PSYoungGen      total 68608K, used 5104K [0x00000000d7380000, 0x00000000e0380000, 0x0000000100000000)
  eden space 63488K, 0% used [0x00000000d7380000,0x00000000d7380000,0x00000000db180000)
  from space 5120K, 99% used [0x00000000db180000,0x00000000db67c030,0x00000000db680000)
  to   space 10240K, 0% used [0x00000000df980000,0x00000000df980000,0x00000000e0380000)
 ParOldGen       total 84992K, used 9140K [0x0000000085a00000, 0x000000008ad00000, 0x00000000d7380000)
  object space 84992K, 10% used [0x0000000085a00000,0x00000000862ed340,0x000000008ad00000)
 Metaspace       used 17184K, capacity 17670K, committed 17920K, reserved 1064960K
  class space    used 2050K, capacity 2205K, committed 2304K, reserved 1048576K
}
Event: 63,147 GC heap before
{Heap before GC invocations=6 (full 0):
 PSYoungGen      total 68608K, used 68592K [0x00000000d7380000, 0x00000000e0380000, 0x0000000100000000)
  eden space 63488K, 100% used [0x00000000d7380000,0x00000000db180000,0x00000000db180000)
  from space 5120K, 99% used [0x00000000db180000,0x00000000db67c030,0x00000000db680000)
  to   space 10240K, 0% used [0x00000000df980000,0x00000000df980000,0x00000000e0380000)
 ParOldGen       total 84992K, used 9140K [0x0000000085a00000, 0x000000008ad00000, 0x00000000d7380000)
  object space 84992K, 10% used [0x0000000085a00000,0x00000000862ed340,0x000000008ad00000)
 Metaspace       used 20235K, capacity 20832K, committed 21120K, reserved 1067008K
  class space    used 2404K, capacity 2622K, committed 2688K, reserved 1048576K
Event: 63,517 GC heap after
Heap after GC invocations=6 (full 0):
 PSYoungGen      total 136192K, used 9051K [0x00000000d7380000, 0x00000000e0580000, 0x0000000100000000)
  eden space 125952K, 0% used [0x00000000d7380000,0x00000000d7380000,0x00000000dee80000)
  from space 10240K, 88% used [0x00000000df980000,0x00000000e0256c70,0x00000000e0380000)
  to   space 11264K, 0% used [0x00000000dee80000,0x00000000dee80000,0x00000000df980000)
 ParOldGen       total 84992K, used 9140K [0x0000000085a00000, 0x000000008ad00000, 0x00000000d7380000)
  object space 84992K, 10% used [0x0000000085a00000,0x00000000862ed340,0x000000008ad00000)
 Metaspace       used 20235K, capacity 20832K, committed 21120K, reserved 1067008K
  class space    used 2404K, capacity 2622K, committed 2688K, reserved 1048576K
}
Event: 81,613 GC heap before
{Heap before GC invocations=7 (full 0):
 PSYoungGen      total 136192K, used 11461K [0x00000000d7380000, 0x00000000e0580000, 0x0000000100000000)
  eden space 125952K, 1% used [0x00000000d7380000,0x00000000d75da890,0x00000000dee80000)
  from space 10240K, 88% used [0x00000000df980000,0x00000000e0256c70,0x00000000e0380000)
  to   space 11264K, 0% used [0x00000000dee80000,0x00000000dee80000,0x00000000df980000)
 ParOldGen       total 84992K, used 9140K [0x0000000085a00000, 0x000000008ad00000, 0x00000000d7380000)
  object space 84992K, 10% used [0x0000000085a00000,0x00000000862ed340,0x000000008ad00000)
 Metaspace       used 20637K, capacity 21216K, committed 21296K, reserved 1069056K
  class space    used 2483K, capacity 2686K, committed 2688K, reserved 1048576K

Deoptimization events (10 events):
Event: 5,512 Thread 0x00007f66dc00a000 Uncommon trap: reason=class_check action=maybe_recompile pc=0x00007f66cd717054 method=java.nio.charset.CharsetDecoder.decode(Ljava/nio/ByteBuffer;Ljava/nio/CharBuffer;Z)Ljava/nio/charset/CoderResult; @ 57
Event: 5,513 Thread 0x00007f66dc00a000 Uncommon trap: reason=class_check action=maybe_recompile pc=0x00007f66cd671460 method=org.apache.maven.model.interpolation.StringSearchModelInterpolator$InterpolateObjectAction.interpolateMapField(Ljava/lang/Object;Ljava/lang/reflect/Field;)V @ 126
Event: 5,514 Thread 0x00007f66dc00a000 Uncommon trap: reason=class_check action=maybe_recompile pc=0x00007f66cd671460 method=org.apache.maven.model.interpolation.StringSearchModelInterpolator$InterpolateObjectAction.interpolateMapField(Ljava/lang/Object;Ljava/lang/reflect/Field;)V @ 126
Event: 5,514 Thread 0x00007f66dc00a000 Uncommon trap: reason=class_check action=maybe_recompile pc=0x00007f66cd671460 method=org.apache.maven.model.interpolation.StringSearchModelInterpolator$InterpolateObjectAction.interpolateMapField(Ljava/lang/Object;Ljava/lang/reflect/Field;)V @ 126
Event: 5,706 Thread 0x00007f66dc00a000 Uncommon trap: reason=unstable_if action=reinterpret pc=0x00007f66cd7bf5e4 method=org.codehaus.plexus.util.xml.pull.MXParser.parseAttribute()C @ 983
Event: 10,089 Thread 0x00007f66dc00a000 Uncommon trap: reason=speculate_class_check action=maybe_recompile pc=0x00007f66cd73c720 method=java.nio.charset.CharsetDecoder.decode(Ljava/nio/ByteBuffer;Ljava/nio/CharBuffer;Z)Ljava/nio/charset/CoderResult; @ 57
Event: 10,125 Thread 0x00007f66dc00a000 Uncommon trap: reason=class_check action=maybe_recompile pc=0x00007f66cd717054 method=java.nio.charset.CharsetDecoder.decode(Ljava/nio/ByteBuffer;Ljava/nio/CharBuffer;Z)Ljava/nio/charset/CoderResult; @ 57
Event: 10,384 Thread 0x00007f66dc00a000 Uncommon trap: reason=class_check action=maybe_recompile pc=0x00007f66cd5d57b8 method=org.apache.maven.model.interpolation.StringSearchModelInterpolator$InterpolateObjectAction.interpolateMapField(Ljava/lang/Object;Ljava/lang/reflect/Field;)V @ 126
Event: 19,012 Thread 0x00007f66dc00a000 Uncommon trap: reason=unstable_if action=reinterpret pc=0x00007f66cd57931c method=java.util.LinkedHashMap.afterNodeInsertion(Z)V @ 18
Event: 25,158 Thread 0x00007f66dc00a000 Uncommon trap: reason=unstable_if action=reinterpret pc=0x00007f66cd8b571c method=org.sonatype.guice.bean.locators.RankedBindings$Itr.hasNext()Z @ 60

Internal exceptions (10 events):
Event: 3,866 Thread 0x00007f66dc787800 Exception <a 'java/net/SocketTimeoutException': Read timed out> (0x00000000d86ed578) thrown at [/build/openjdk-8-qmWBqC/openjdk-8-8u111-b14/src/hotspot/src/share/vm/prims/jni.cpp, line 735]
Event: 4,193 Thread 0x00007f66dc852000 Exception <a 'java/net/SocketTimeoutException': Read timed out> (0x00000000d7947ca8) thrown at [/build/openjdk-8-qmWBqC/openjdk-8-8u111-b14/src/hotspot/src/share/vm/prims/jni.cpp, line 735]
Event: 4,716 Thread 0x00007f66dc854800 Exception <a 'java/net/SocketTimeoutException': Read timed out> (0x00000000d7a99e40) thrown at [/build/openjdk-8-qmWBqC/openjdk-8-8u111-b14/src/hotspot/src/share/vm/prims/jni.cpp, line 735]
Event: 4,887 Thread 0x00007f66dc852800 Exception <a 'java/net/SocketTimeoutException': Read timed out> (0x00000000d79fdd20) thrown at [/build/openjdk-8-qmWBqC/openjdk-8-8u111-b14/src/hotspot/src/share/vm/prims/jni.cpp, line 735]
Event: 4,896 Thread 0x00007f66dc852000 Exception <a 'java/net/SocketTimeoutException': Read timed out> (0x00000000d7957600) thrown at [/build/openjdk-8-qmWBqC/openjdk-8-8u111-b14/src/hotspot/src/share/vm/prims/jni.cpp, line 735]
Event: 5,128 Thread 0x00007f66dc00a000 Exception <a 'java/lang/NoClassDefFoundError': org/slf4j/Logger> (0x00000000d7daa710) thrown at [/build/openjdk-8-qmWBqC/openjdk-8-8u111-b14/src/hotspot/src/share/vm/oops/constantPool.cpp, line 235]
Event: 25,034 Thread 0x00007f66dc00a000 Exception <a 'java/lang/NoClassDefFoundError': org/slf4j/Logger> (0x00000000d8d47d68) thrown at [/build/openjdk-8-qmWBqC/openjdk-8-8u111-b14/src/hotspot/src/share/vm/oops/constantPool.cpp, line 235]
Event: 31,221 Thread 0x00007f66dc00a000 Exception <a 'java/lang/NoClassDefFoundError': org/slf4j/Logger> (0x00000000d9627348) thrown at [/build/openjdk-8-qmWBqC/openjdk-8-8u111-b14/src/hotspot/src/share/vm/oops/constantPool.cpp, line 235]
Event: 44,050 Thread 0x00007f66dc00a000 Exception <a 'java/lang/NoClassDefFoundError': org/slf4j/Logger> (0x00000000da92ba58) thrown at [/build/openjdk-8-qmWBqC/openjdk-8-8u111-b14/src/hotspot/src/share/vm/oops/constantPool.cpp, line 235]
Event: 45,858 Thread 0x00007f66dc00a000 Exception <a 'java/lang/ClassNotFoundException': com/sun/tools/javac/api/JavacTool> (0x00000000dab07b58) thrown at [/build/openjdk-8-qmWBqC/openjdk-8-8u111-b14/src/hotspot/src/share/vm/classfile/systemDictionary.cpp, line 210]

Events (10 events):
Event: 81,494 loading class com/sun/source/tree/ParameterizedTypeTree done
Event: 81,494 loading class com/sun/tools/javac/tree/JCTree$JCTypeUnion
Event: 81,494 loading class com/sun/tools/javac/tree/JCTree$JCTypeUnion done
Event: 81,494 loading class com/sun/source/tree/UnionTypeTree
Event: 81,494 loading class com/sun/source/tree/UnionTypeTree done
Event: 81,494 loading class com/sun/tools/javac/tree/JCTree$JCTypeIntersection
Event: 81,494 loading class com/sun/tools/javac/tree/JCTree$JCTypeIntersection done
Event: 81,494 loading class com/sun/source/tree/IntersectionTypeTree
Event: 81,494 loading class com/sun/source/tree/IntersectionTypeTree done
Event: 81,520 Executing VM operation: CollectForMetadataAllocation


Dynamic libraries:
85a00000-8ad00000 rw-p 00000000 00:00 0 
8ad00000-d7380000 ---p 00000000 00:00 0 
d7380000-e0580000 rw-p 00000000 00:00 0 
e7e80000-100000000 ---p 00000000 00:00 0 
100000000-1002a0000 rw-p 00000000 00:00 0 
1002a0000-140000000 ---p 00000000 00:00 0 
55fc5fa7c000-55fc5fa7d000 r-xp 00000000 08:03 2232359                    /usr/lib/jvm/java-8-openjdk-amd64/jre/bin/java
55fc5fc7c000-55fc5fc7d000 r--p 00000000 08:03 2232359                    /usr/lib/jvm/java-8-openjdk-amd64/jre/bin/java
55fc5fc7d000-55fc5fc7e000 rw-p 00001000 08:03 2232359                    /usr/lib/jvm/java-8-openjdk-amd64/jre/bin/java
55fc604d3000-55fc604f4000 rw-p 00000000 00:00 0                          [heap]
7f6680000000-7f6680021000 rw-p 00000000 00:00 0 
7f6680021000-7f6684000000 ---p 00000000 00:00 0 
7f6684000000-7f6684021000 rw-p 00000000 00:00 0 
7f6684021000-7f6688000000 ---p 00000000 00:00 0 
7f6688000000-7f6688021000 rw-p 00000000 00:00 0 
7f6688021000-7f668c000000 ---p 00000000 00:00 0 
7f668c000000-7f668c540000 rw-p 00000000 00:00 0 
7f668c540000-7f6690000000 ---p 00000000 00:00 0 
7f6690000000-7f6690021000 rw-p 00000000 00:00 0 
7f6690021000-7f6694000000 ---p 00000000 00:00 0 
7f6694000000-7f6694021000 rw-p 00000000 00:00 0 
7f6694021000-7f6698000000 ---p 00000000 00:00 0 
7f6698000000-7f6699eee000 rw-p 00000000 00:00 0 
7f6699eee000-7f669c000000 ---p 00000000 00:00 0 
7f669c000000-7f669c9f2000 rw-p 00000000 00:00 0 
7f669c9f2000-7f66a0000000 ---p 00000000 00:00 0 
7f66a0000000-7f66a0021000 rw-p 00000000 00:00 0 
7f66a0021000-7f66a4000000 ---p 00000000 00:00 0 
7f66a4000000-7f66a587f000 rw-p 00000000 00:00 0 
7f66a587f000-7f66a8000000 ---p 00000000 00:00 0 
7f66a8000000-7f66a8021000 rw-p 00000000 00:00 0 
7f66a8021000-7f66ac000000 ---p 00000000 00:00 0 
7f66ac000000-7f66ac021000 rw-p 00000000 00:00 0 
7f66ac021000-7f66b0000000 ---p 00000000 00:00 0 
7f66b0000000-7f66b0021000 rw-p 00000000 00:00 0 
7f66b0021000-7f66b4000000 ---p 00000000 00:00 0 
7f66b4000000-7f66b4286000 rw-p 00000000 00:00 0 
7f66b4286000-7f66b8000000 ---p 00000000 00:00 0 
7f66b8000000-7f66b8023000 rw-p 00000000 00:00 0 
7f66b8023000-7f66bc000000 ---p 00000000 00:00 0 
7f66bdacb000-7f66bdaf7000 rw-p 00000000 00:00 0 
7f66bdaf7000-7f66bdccb000 ---p 00000000 00:00 0 
7f66bdccb000-7f66bdecb000 rw-p 00000000 00:00 0 
7f66bdecb000-7f66bdece000 ---p 00000000 00:00 0 
7f66bdece000-7f66bdfcc000 rw-p 00000000 00:00 0 
7f66bdfcc000-7f66bdfe0000 r-xp 00000000 08:03 8651577                    /lib/x86_64-linux-gnu/libresolv-2.24.so
7f66bdfe0000-7f66be1df000 ---p 00014000 08:03 8651577                    /lib/x86_64-linux-gnu/libresolv-2.24.so
7f66be1df000-7f66be1e0000 r--p 00013000 08:03 8651577                    /lib/x86_64-linux-gnu/libresolv-2.24.so
7f66be1e0000-7f66be1e1000 rw-p 00014000 08:03 8651577                    /lib/x86_64-linux-gnu/libresolv-2.24.so
7f66be1e1000-7f66be1e3000 rw-p 00000000 00:00 0 
7f66be1e3000-7f66be1e8000 r-xp 00000000 08:03 8651555                    /lib/x86_64-linux-gnu/libnss_dns-2.24.so
7f66be1e8000-7f66be3e7000 ---p 00005000 08:03 8651555                    /lib/x86_64-linux-gnu/libnss_dns-2.24.so
7f66be3e7000-7f66be3e8000 r--p 00004000 08:03 8651555                    /lib/x86_64-linux-gnu/libnss_dns-2.24.so
7f66be3e8000-7f66be3e9000 rw-p 00005000 08:03 8651555                    /lib/x86_64-linux-gnu/libnss_dns-2.24.so
7f66be434000-7f66be634000 rw-p 00000000 00:00 0 
7f66be634000-7f66be637000 ---p 00000000 00:00 0 
7f66be637000-7f66be735000 rw-p 00000000 00:00 0 
7f66be779000-7f66be780000 r--s 00000000 08:03 1711037                    /usr/lib/x86_64-linux-gnu/gconv/gconv-modules.cache
7f66be780000-7f66be78f000 r--p 00000000 08:03 2763649                    /usr/share/locale/pt_BR/LC_MESSAGES/libc.mo
7f66be78f000-7f66be808000 r--s 010ec000 08:03 2232632                    /usr/lib/jvm/java-8-openjdk-amd64/lib/tools.jar
7f66be808000-7f66be80b000 ---p 00000000 00:00 0 
7f66be80b000-7f66be909000 rw-p 00000000 00:00 0 
7f66be909000-7f66be931000 r-xp 00000000 08:03 2232402                    /usr/lib/jvm/java-8-openjdk-amd64/jre/lib/amd64/libsunec.so
7f66be931000-7f66beb30000 ---p 00028000 08:03 2232402                    /usr/lib/jvm/java-8-openjdk-amd64/jre/lib/amd64/libsunec.so
7f66beb30000-7f66beb34000 r--p 00027000 08:03 2232402                    /usr/lib/jvm/java-8-openjdk-amd64/jre/lib/amd64/libsunec.so
7f66beb34000-7f66beb35000 rw-p 0002b000 08:03 2232402                    /usr/lib/jvm/java-8-openjdk-amd64/jre/lib/amd64/libsunec.so
7f66beb35000-7f66bed35000 rw-p 00000000 00:00 0 
7f66bed35000-7f66bed46000 r-xp 00000000 08:03 2232398                    /usr/lib/jvm/java-8-openjdk-amd64/jre/lib/amd64/libnio.so
7f66bed46000-7f66bef46000 ---p 00011000 08:03 2232398                    /usr/lib/jvm/java-8-openjdk-amd64/jre/lib/amd64/libnio.so
7f66bef46000-7f66bef47000 r--p 00011000 08:03 2232398                    /usr/lib/jvm/java-8-openjdk-amd64/jre/lib/amd64/libnio.so
7f66bef47000-7f66bef48000 rw-p 00012000 08:03 2232398                    /usr/lib/jvm/java-8-openjdk-amd64/jre/lib/amd64/libnio.so
7f66bef48000-7f66bf249000 rw-p 00000000 00:00 0 
7f66bf249000-7f66bf260000 r-xp 00000000 08:03 2232397                    /usr/lib/jvm/java-8-openjdk-amd64/jre/lib/amd64/libnet.so
7f66bf260000-7f66bf45f000 ---p 00017000 08:03 2232397                    /usr/lib/jvm/java-8-openjdk-amd64/jre/lib/amd64/libnet.so
7f66bf45f000-7f66bf460000 r--p 00016000 08:03 2232397                    /usr/lib/jvm/java-8-openjdk-amd64/jre/lib/amd64/libnet.so
7f66bf460000-7f66bf461000 rw-p 00017000 08:03 2232397                    /usr/lib/jvm/java-8-openjdk-amd64/jre/lib/amd64/libnet.so
7f66bf461000-7f66bf661000 rw-p 00000000 00:00 0 
7f66bf661000-7f66bf861000 rw-p 00000000 00:00 0 
7f66bf861000-7f66bf862000 ---p 00000000 00:00 0 
7f66bf862000-7f66bf962000 rw-p 00000000 00:00 0 
7f66bf962000-7f66bf965000 ---p 00000000 00:00 0 
7f66bf965000-7f66bfa63000 rw-p 00000000 00:00 0 
7f66bfa63000-7f66bfa66000 ---p 00000000 00:00 0 
7f66bfa66000-7f66bfb64000 rw-p 00000000 00:00 0 
7f66bfb64000-7f66bfb67000 ---p 00000000 00:00 0 
7f66bfb67000-7f66bfc65000 rw-p 00000000 00:00 0 
7f66bfc65000-7f66bfc68000 ---p 00000000 00:00 0 
7f66bfc68000-7f66bfd66000 rw-p 00000000 00:00 0 
7f66bfd66000-7f66bfd69000 ---p 00000000 00:00 0 
7f66bfd69000-7f66bfe67000 rw-p 00000000 00:00 0 
7f66bfe67000-7f66c0000000 r--p 00000000 08:03 1443229                    /usr/lib/locale/locale-archive
7f66c0000000-7f66c0021000 rw-p 00000000 00:00 0 
7f66c0021000-7f66c4000000 ---p 00000000 00:00 0 
7f66c4006000-7f66c4009000 r--s 0001b000 08:03 138243                     /home/marcelo/.m2/repository/junit/junit/3.8.2/junit-3.8.2.jar
7f66c4009000-7f66c4017000 r--s 0008f000 08:03 9843                       /home/marcelo/.m2/repository/com/google/collections/google-collections/1.0/google-collections-1.0.jar
7f66c4017000-7f66c4018000 r--s 0000a000 08:03 138240                     /home/marcelo/.m2/repository/commons-logging/commons-logging-api/1.1/commons-logging-api-1.1.jar
7f66c4018000-7f66c401f000 r--s 00051000 08:03 138239                     /home/marcelo/.m2/repository/log4j/log4j/1.2.12/log4j-1.2.12.jar
7f66c401f000-7f66c4023000 r--s 0001d000 08:03 8528211                    /home/marcelo/.m2/repository/org/apache/xbean/xbean-reflect/3.4/xbean-reflect-3.4.jar
7f66c4023000-7f66c4024000 r--s 00004000 08:03 138235                     /home/marcelo/.m2/repository/org/codehaus/plexus/plexus-compiler-javac/2.2/plexus-compiler-javac-2.2.jar
7f66c4024000-7f66c4026000 r--s 00000000 08:03 138233                     /home/marcelo/.m2/repository/org/codehaus/plexus/plexus-compiler-manager/2.2/plexus-compiler-manager-2.2.jar
7f66c4026000-7f66c4028000 r--s 00005000 08:03 138232                     /home/marcelo/.m2/repository/org/codehaus/plexus/plexus-compiler-api/2.2/plexus-compiler-api-2.2.jar
7f66c4028000-7f66c402a000 r--s 00002000 08:03 138231                     /home/marcelo/.m2/repository/org/apache/maven/shared/maven-shared-incremental/1.1/maven-shared-incremental-1.1.jar
7f66c402a000-7f66c402c000 r--s 00006000 08:03 8263016                    /home/marcelo/.m2/repository/com/google/code/findbugs/jsr305/2.0.1/jsr305-2.0.1.jar
7f66c402c000-7f66c402f000 r--s 00023000 08:03 138229                     /home/marcelo/.m2/repository/org/apache/maven/shared/maven-shared-utils/0.1/maven-shared-utils-0.1.jar
7f66c402f000-7f66c4033000 r--s 00030000 08:03 138230                     /home/marcelo/.m2/repository/org/codehaus/plexus/plexus-utils/1.5.1/plexus-utils-1.5.1.jar
7f66c4033000-7f66c4035000 r--s 00009000 08:03 8659808                    /home/marcelo/.m2/repository/org/apache/maven/plugins/maven-compiler-plugin/3.1/maven-compiler-plugin-3.1.jar
7f66c4035000-7f66c4037000 r--s 0000d000 08:03 138088                     /home/marcelo/.m2/repository/org/codehaus/plexus/plexus-interpolation/1.13/plexus-interpolation-1.13.jar
7f66c4037000-7f66c4038000 r--s 00001000 08:03 138083                     /home/marcelo/.m2/repository/org/sonatype/plexus/plexus-build-api/0.0.4/plexus-build-api-0.0.4.jar
7f66c4038000-7f66c403a000 r--s 00009000 08:03 138081                     /home/marcelo/.m2/repository/org/apache/maven/shared/maven-filtering/1.0/maven-filtering-1.0.jar
7f66c403a000-7f66c403b000 r--s 00001000 08:03 138082                     /home/marcelo/.m2/repository/org/apache/maven/doxia/doxia-sink-api/1.0-alpha-7/doxia-sink-api-1.0-alpha-7.jar
7f66c403b000-7f66c403c000 r--s 00002000 08:03 138080                     /home/marcelo/.m2/repository/org/apache/maven/reporting/maven-reporting-api/2.0.6/maven-reporting-api-2.0.6.jar
7f66c403c000-7f66c403e000 r--s 00005000 08:03 8127082                    /home/marcelo/.m2/repository/org/apache/maven/plugins/maven-resources-plugin/2.5/maven-resources-plugin-2.5.jar
7f66c403e000-7f66c404c000 r--s 0007f000 08:03 8263021                    /home/marcelo/.m2/repository/commons-collections/commons-collections/3.2.1/commons-collections-3.2.1.jar
7f66c404c000-7f66c4051000 r--s 00041000 08:03 137988                     /home/marcelo/.m2/repository/commons-lang/commons-lang/2.6/commons-lang-2.6.jar
7f66c4051000-7f66c4053000 r--s 00006000 08:03 137986                     /home/marcelo/.m2/repository/org/apache/maven/shared/maven-invoker/2.0.11/maven-invoker-2.0.11.jar
7f66c4053000-7f66c4055000 r--s 00006000 08:03 8133730                    /home/marcelo/.m2/repository/org/apache/maven/shared/maven-common-artifact-filters/1.4/maven-common-artifact-filters-1.4.jar
7f66c4055000-7f66c4057000 r--s 0000c000 08:03 137985                     /home/marcelo/.m2/repository/org/apache/maven/shared/maven-dependency-tree/2.0/maven-dependency-tree-2.0.jar
7f66c4057000-7f66c4059000 r--s 00000000 08:03 137981                     /home/marcelo/.m2/repository/org/codehaus/plexus/plexus-component-annotations/1.5.5/plexus-component-annotations-1.5.5.jar
7f66c4059000-7f66c405a000 r--s 0000a000 08:03 137979                     /home/marcelo/.m2/repository/asm/asm/3.3.1/asm-3.3.1.jar
7f66c405a000-7f66c405c000 r--s 00005000 08:03 137977                     /home/marcelo/.m2/repository/org/apache/maven/shared/maven-dependency-analyzer/1.3/maven-dependency-analyzer-1.3.jar
7f66c405c000-7f66c405f000 r--s 0000c000 08:03 137976                     /home/marcelo/.m2/repository/org/codehaus/plexus/plexus-io/2.0.6/plexus-io-2.0.6.jar
7f66c405f000-7f66c4062000 r--s 0001b000 08:03 137974                     /home/marcelo/.m2/repository/junit/junit/3.8.1/junit-3.8.1.jar
7f66c4062000-7f66c4064000 r--s 00008000 08:03 137972                     /home/marcelo/.m2/repository/org/apache/maven/shared/maven-shared-io/1.1/maven-shared-io-1.1.jar
7f66c4064000-7f66c4066000 r--s 00008000 08:03 137971                     /home/marcelo/.m2/repository/org/apache/maven/shared/file-management/1.2.1/file-management-1.2.1.jar
7f66c4066000-7f66c406a000 r--s 00035000 08:03 137969                     /home/marcelo/.m2/repository/org/codehaus/plexus/plexus-utils/3.0.9/plexus-utils-3.0.9.jar
7f66c406a000-7f66c406f000 r--s 00029000 08:03 137967                     /home/marcelo/.m2/repository/org/codehaus/plexus/plexus-archiver/2.2/plexus-archiver-2.2.jar
7f66c406f000-7f66c4071000 r--s 00004000 08:03 137964                     /home/marcelo/.m2/repository/org/apache/maven/doxia/doxia-module-xhtml/1.0/doxia-module-xhtml-1.0.jar
7f66c4071000-7f66c4072000 r--s 00006000 08:03 137962                     /home/marcelo/.m2/repository/org/apache/maven/doxia/doxia-module-xdoc/1.0/doxia-module-xdoc-1.0.jar
7f66c4072000-7f66c4073000 r--s 00004000 08:03 137961                     /home/marcelo/.m2/repository/org/apache/maven/doxia/doxia-module-fml/1.0/doxia-module-fml-1.0.jar
7f66c4073000-7f66c4075000 r--s 0000a000 08:03 137959                     /home/marcelo/.m2/repository/org/apache/maven/doxia/doxia-module-apt/1.0/doxia-module-apt-1.0.jar
7f66c4075000-7f66c4076000 r--s 0000b000 08:03 137957                     /home/marcelo/.m2/repository/org/apache/maven/doxia/doxia-decoration-model/1.0/doxia-decoration-model-1.0.jar
7f66c4076000-7f66c407e000 r--s 00058000 08:03 8263132                    /home/marcelo/.m2/repository/org/apache/velocity/velocity/1.5/velocity-1.5.jar
7f66c407e000-7f66c407f000 r--s 00001000 08:03 8528209                    /home/marcelo/.m2/repository/org/codehaus/plexus/plexus-velocity/1.1.7/plexus-velocity-1.1.7.jar
7f66c407f000-7f66c4080000 r--s 00002000 08:03 137955                     /home/marcelo/.m2/repository/org/codehaus/plexus/plexus-i18n/1.0-beta-7/plexus-i18n-1.0-beta-7.jar
7f66c4080000-7f66c4082000 r--s 0000a000 08:03 137951                     /home/marcelo/.m2/repository/org/apache/maven/doxia/doxia-site-renderer/1.0/doxia-site-renderer-1.0.jar
7f66c4082000-7f66c4083000 r--s 00002000 08:03 137949                     /home/marcelo/.m2/repository/org/apache/maven/doxia/doxia-sink-api/1.0/doxia-sink-api-1.0.jar
7f66c4083000-7f66c4088000 r--s 00016000 08:03 8133660                    /home/marcelo/.m2/repository/xml-apis/xml-apis/1.0.b2/xml-apis-1.0.b2.jar
7f66c4088000-7f66c408a000 r--s 0000e000 08:03 137947                     /home/marcelo/.m2/repository/oro/oro/2.0.8/oro-2.0.8.jar
7f66c408a000-7f66c408c000 r--s 00008000 08:03 137946                     /home/marcelo/.m2/repository/commons-logging/commons-logging/1.0.4/commons-logging-1.0.4.jar
7f66c408c000-7f66c4090000 r--s 00026000 08:03 137943                     /home/marcelo/.m2/repository/commons-digester/commons-digester/1.6/commons-digester-1.6.jar
7f66c4090000-7f66c4095000 r--s 0002a000 08:03 137942                     /home/marcelo/.m2/repository/commons-beanutils/commons-beanutils/1.7.0/commons-beanutils-1.7.0.jar
7f66c4095000-7f66c4098000 ---p 00000000 00:00 0 
7f66c4098000-7f66c40ce000 rw-p 00000000 00:00 0 
7f66c40ce000-7f66c40d1000 ---p 00000000 00:00 0 
7f66c40d1000-7f66c41cf000 rw-p 00000000 00:00 0 
7f66c41cf000-7f66c41d2000 ---p 00000000 00:00 0 
7f66c41d2000-7f66c8000000 rw-p 00000000 00:00 0 
7f66c8000000-7f66c8021000 rw-p 00000000 00:00 0 
7f66c8021000-7f66cc000000 ---p 00000000 00:00 0 
7f66cc000000-7f66cc003000 r--s 00014000 08:03 137940                     /home/marcelo/.m2/repository/commons-validator/commons-validator/1.2.0/commons-validator-1.2.0.jar
7f66cc003000-7f66cc006000 r--s 00018000 08:03 137939                     /home/marcelo/.m2/repository/commons-io/commons-io/1.4/commons-io-1.4.jar
7f66cc006000-7f66cc008000 r--s 00009000 08:03 9841                       /home/marcelo/.m2/repository/org/apache/maven/shared/maven-doxia-tools/1.0.2/maven-doxia-tools-1.0.2.jar
7f66cc008000-7f66cc00b000 r--s 0000b000 08:03 137934                     /home/marcelo/.m2/repository/org/apache/maven/doxia/doxia-core/1.0/doxia-core-1.0.jar
7f66cc00b000-7f66cc00d000 r--s 00004000 08:03 137936                     /home/marcelo/.m2/repository/org/apache/maven/reporting/maven-reporting-impl/2.0.5/maven-reporting-impl-2.0.5.jar
7f66cc00d000-7f66cc00e000 r--s 00002000 08:03 137935                     /home/marcelo/.m2/repository/org/apache/maven/reporting/maven-reporting-api/3.0/maven-reporting-api-3.0.jar
7f66cc00e000-7f66cc010000 r--s 00002000 08:03 137931                     /home/marcelo/.m2/repository/org/codehaus/plexus/plexus-interactivity-api/1.0-alpha-4/plexus-interactivity-api-1.0-alpha-4.jar
7f66cc010000-7f66cc012000 r--s 00006000 08:03 137933                     /home/marcelo/.m2/repository/commons-cli/commons-cli/1.0/commons-cli-1.0.jar
7f66cc012000-7f66cc015000 r--s 00021000 08:03 134340                     /home/marcelo/.m2/repository/org/apache/maven/plugins/maven-dependency-plugin/2.6/maven-dependency-plugin-2.6.jar
7f66cc015000-7f66cc019000 r--s 00033000 08:03 138084                     /home/marcelo/.m2/repository/org/codehaus/plexus/plexus-utils/2.0.5/plexus-utils-2.0.5.jar
7f66cc019000-7f66cc01a000 r--s 00005000 08:03 8127905                    /home/marcelo/.m2/repository/org/apache/maven/plugins/maven-clean-plugin/2.4.1/maven-clean-plugin-2.4.1.jar
7f66cc01a000-7f66cc01d000 r--s 00015000 08:03 2232440                    /usr/lib/jvm/java-8-openjdk-amd64/jre/lib/jce.jar
7f66cc01d000-7f66cc01e000 r--p 00000000 00:00 0 
7f66cc01e000-7f66cc022000 r--s 00097000 08:03 2232442                    /usr/lib/jvm/java-8-openjdk-amd64/jre/lib/jsse.jar
7f66cc022000-7f66cc024000 r--s 0000d000 08:03 2892809                    /opt/netbeans/java/maven-nblib/netbeans-eventspy.jar
7f66cc024000-7f66cc025000 r--s 00003000 08:03 2892821                    /opt/netbeans/java/maven/lib/aether-spi-1.13.1.jar
7f66cc025000-7f66cc031000 r--s 0007d000 08:03 2892826                    /opt/netbeans/java/maven/lib/maven-core-3.0.5.jar
7f66cc031000-7f66cc032000 r--s 00002000 08:03 2892787                    /opt/netbeans/java/maven/lib/wagon-http-shared-2.10.jar
7f66cc032000-7f66cc03a000 r--s 00050000 08:03 2892771                    /opt/netbeans/java/maven/lib/sisu-guice-3.1.0-no_aop.jar
7f66cc03a000-7f66cc03c000 r--s 00000000 08:03 2892470                    /opt/netbeans/java/maven/lib/plexus-component-annotations-1.5.5.jar
7f66cc03c000-7f66cc040000 r--s 00033000 08:03 2892812                    /opt/netbeans/java/maven/lib/plexus-utils-2.0.6.jar
7f66cc040000-7f66cc044000 r--s 0001c000 08:03 2892814                    /opt/netbeans/java/maven/lib/aether-util-1.13.1.jar
7f66cc044000-7f66cc045000 r--s 00002000 08:03 2892829                    /opt/netbeans/java/maven/lib/wagon-file-2.10.jar
7f66cc045000-7f66cc074000 r--s 001c8000 08:03 2892784                    /opt/netbeans/java/maven/lib/wagon-http-2.10-shaded.jar
7f66cc074000-7f66cc076000 r--s 0000b000 08:03 2892785                    /opt/netbeans/java/maven/lib/maven-plugin-api-3.0.5.jar
7f66cc076000-7f66cc078000 r--s 0000c000 08:03 2892704                    /opt/netbeans/java/maven/lib/maven-aether-provider-3.0.5.jar
7f66cc078000-7f66cc07f000 r--s 0002b000 08:03 2892760                    /opt/netbeans/java/maven/lib/sisu-inject-plexus-2.3.0.jar
7f66cc07f000-7f66cc081000 r--s 0000b000 08:03 2892799                    /opt/netbeans/java/maven/lib/maven-artifact-3.0.5.jar
7f66cc081000-7f66cc084000 r--s 00008000 08:03 2892686                    /opt/netbeans/java/maven/lib/maven-settings-builder-3.0.5.jar
7f66cc084000-7f66cc08a000 r--s 0003f000 08:03 2892815                    /opt/netbeans/java/maven/lib/maven-compat-3.0.5.jar
7f66cc08a000-7f66cc08c000 r--s 0000a000 08:03 2892801                    /opt/netbeans/java/maven/lib/maven-settings-3.0.5.jar
7f66cc08c000-7f66cc08e000 r--s 0000b000 08:03 2892772                    /opt/netbeans/java/maven/lib/wagon-provider-api-2.10.jar
7f66cc08e000-7f66cc090000 r--s 00006000 08:03 2892591                    /opt/netbeans/java/maven/lib/maven-repository-metadata-3.0.5.jar
7f66cc090000-7f66cc093000 r--s 0001d000 08:03 2892813                    /opt/netbeans/java/maven/lib/aether-impl-1.13.1.jar
7f66cc093000-7f66cc0b2000 r--s 00154000 08:03 2892827                    /opt/netbeans/java/maven/lib/sisu-guava-0.9.9.jar
7f66cc0b2000-7f66cc0b6000 r--s 00021000 08:03 2892739                    /opt/netbeans/java/maven/lib/maven-model-builder-3.0.5.jar
7f66cc0b6000-7f66cc0b7000 r--s 0000a000 08:03 2892800                    /opt/netbeans/java/maven/lib/maven-embedder-3.0.5.jar
7f66cc0b7000-7f66cc0b9000 r--s 00009000 08:03 2892830                    /opt/netbeans/java/maven/lib/commons-cli-1.2.jar
7f66cc0b9000-7f66cc0bb000 r--s 00026000 08:03 2892818                    /opt/netbeans/java/maven/lib/maven-model-3.0.5.jar
7f66cc0bb000-7f66cc0d6000 r--s 001d5000 08:03 2232424                    /usr/lib/jvm/java-8-openjdk-amd64/jre/lib/ext/nashorn.jar
7f66cc0d6000-7f66cc0f1000 r--s 00394000 08:03 2232419                    /usr/lib/jvm/java-8-openjdk-amd64/jre/lib/ext/cldrdata.jar
7f66cc0f1000-7f66cc0f2000 ---p 00000000 00:00 0 
7f66cc0f2000-7f66cd000000 rw-p 00000000 00:00 0 
7f66cd000000-7f66cdbd0000 rwxp 00000000 00:00 0 
7f66cdbd0000-7f66dc000000 ---p 00000000 00:00 0 
7f66dc000000-7f66dcdbb000 rw-p 00000000 00:00 0 
7f66dcdbb000-7f66e0000000 ---p 00000000 00:00 0 
7f66e0000000-7f66e0001000 r--s 00006000 08:03 2892740                    /opt/netbeans/java/maven/lib/plexus-sec-dispatcher-1.3.jar
7f66e0001000-7f66e0003000 r--s 0000d000 08:03 2892741                    /opt/netbeans/java/maven/lib/plexus-interpolation-1.14.jar
7f66e0003000-7f66e0007000 r--s 00013000 08:03 2892820                    /opt/netbeans/java/maven/lib/aether-api-1.13.1.jar
7f66e0007000-7f66e0009000 r--s 00006000 08:03 2892657                    /opt/netbeans/java/maven/lib/aether-connector-wagon-1.13.1.jar
7f66e0009000-7f66e0010000 r--s 0003f000 08:03 2892786                    /opt/netbeans/java/maven/lib/sisu-inject-bean-2.3.0.jar
7f66e0010000-7f66e01e2000 rw-p 00000000 00:00 0 
7f66e01e2000-7f66e03b0000 r--s 03bf1000 08:03 2232448                    /usr/lib/jvm/java-8-openjdk-amd64/jre/lib/rt.jar
7f66e03b0000-7f66e0ff9000 rw-p 00000000 00:00 0 
7f66e0ff9000-7f66e0ffa000 ---p 00000000 00:00 0 
7f66e0ffa000-7f66e10fa000 rw-p 00000000 00:00 0 
7f66e10fa000-7f66e10fb000 ---p 00000000 00:00 0 
7f66e10fb000-7f66e11fb000 rw-p 00000000 00:00 0 
7f66e11fb000-7f66e11fc000 ---p 00000000 00:00 0 
7f66e11fc000-7f66e12fc000 rw-p 00000000 00:00 0 
7f66e12fc000-7f66e12fd000 ---p 00000000 00:00 0 
7f66e12fd000-7f66e1427000 rw-p 00000000 00:00 0 
7f66e1427000-7f66e168a000 ---p 00000000 00:00 0 
7f66e168a000-7f66e16b4000 rw-p 00000000 00:00 0 
7f66e16b4000-7f66e1916000 ---p 00000000 00:00 0 
7f66e1916000-7f66e1960000 rw-p 00000000 00:00 0 
7f66e1960000-7f66e1a5d000 ---p 00000000 00:00 0 
7f66e1a5d000-7f66e1a8e000 rw-p 00000000 00:00 0 
7f66e1a8e000-7f66e1e1e000 ---p 00000000 00:00 0 
7f66e1e1e000-7f66e1e26000 r-xp 00000000 08:03 2232405                    /usr/lib/jvm/java-8-openjdk-amd64/jre/lib/amd64/libzip.so
7f66e1e26000-7f66e2025000 ---p 00008000 08:03 2232405                    /usr/lib/jvm/java-8-openjdk-amd64/jre/lib/amd64/libzip.so
7f66e2025000-7f66e2026000 r--p 00007000 08:03 2232405                    /usr/lib/jvm/java-8-openjdk-amd64/jre/lib/amd64/libzip.so
7f66e2026000-7f66e2027000 rw-p 00008000 08:03 2232405                    /usr/lib/jvm/java-8-openjdk-amd64/jre/lib/amd64/libzip.so
7f66e2027000-7f66e2031000 r-xp 00000000 08:03 8651558                    /lib/x86_64-linux-gnu/libnss_files-2.24.so
7f66e2031000-7f66e2231000 ---p 0000a000 08:03 8651558                    /lib/x86_64-linux-gnu/libnss_files-2.24.so
7f66e2231000-7f66e2232000 r--p 0000a000 08:03 8651558                    /lib/x86_64-linux-gnu/libnss_files-2.24.so
7f66e2232000-7f66e2233000 rw-p 0000b000 08:03 8651558                    /lib/x86_64-linux-gnu/libnss_files-2.24.so
7f66e2233000-7f66e2239000 rw-p 00000000 00:00 0 
7f66e2239000-7f66e2244000 r-xp 00000000 08:03 8651571                    /lib/x86_64-linux-gnu/libnss_nis-2.24.so
7f66e2244000-7f66e2443000 ---p 0000b000 08:03 8651571                    /lib/x86_64-linux-gnu/libnss_nis-2.24.so
7f66e2443000-7f66e2444000 r--p 0000a000 08:03 8651571                    /lib/x86_64-linux-gnu/libnss_nis-2.24.so
7f66e2444000-7f66e2445000 rw-p 0000b000 08:03 8651571                    /lib/x86_64-linux-gnu/libnss_nis-2.24.so
7f66e2445000-7f66e2459000 r-xp 00000000 08:03 8651551                    /lib/x86_64-linux-gnu/libnsl-2.24.so
7f66e2459000-7f66e2659000 ---p 00014000 08:03 8651551                    /lib/x86_64-linux-gnu/libnsl-2.24.so
7f66e2659000-7f66e265a000 r--p 00014000 08:03 8651551                    /lib/x86_64-linux-gnu/libnsl-2.24.so
7f66e265a000-7f66e265b000 rw-p 00015000 08:03 8651551                    /lib/x86_64-linux-gnu/libnsl-2.24.so
7f66e265b000-7f66e265d000 rw-p 00000000 00:00 0 
7f66e265d000-7f66e2664000 r-xp 00000000 08:03 8651554                    /lib/x86_64-linux-gnu/libnss_compat-2.24.so
7f66e2664000-7f66e2863000 ---p 00007000 08:03 8651554                    /lib/x86_64-linux-gnu/libnss_compat-2.24.so
7f66e2863000-7f66e2864000 r--p 00006000 08:03 8651554                    /lib/x86_64-linux-gnu/libnss_compat-2.24.so
7f66e2864000-7f66e2865000 rw-p 00007000 08:03 8651554                    /lib/x86_64-linux-gnu/libnss_compat-2.24.so
7f66e2865000-7f66e2892000 r-xp 00000000 08:03 2232386                    /usr/lib/jvm/java-8-openjdk-amd64/jre/lib/amd64/libjava.so
7f66e2892000-7f66e2a91000 ---p 0002d000 08:03 2232386                    /usr/lib/jvm/java-8-openjdk-amd64/jre/lib/amd64/libjava.so
7f66e2a91000-7f66e2a92000 r--p 0002c000 08:03 2232386                    /usr/lib/jvm/java-8-openjdk-amd64/jre/lib/amd64/libjava.so
7f66e2a92000-7f66e2a94000 rw-p 0002d000 08:03 2232386                    /usr/lib/jvm/java-8-openjdk-amd64/jre/lib/amd64/libjava.so
7f66e2a94000-7f66e2aa3000 r-xp 00000000 08:03 2232404                    /usr/lib/jvm/java-8-openjdk-amd64/jre/lib/amd64/libverify.so
7f66e2aa3000-7f66e2ca2000 ---p 0000f000 08:03 2232404                    /usr/lib/jvm/java-8-openjdk-amd64/jre/lib/amd64/libverify.so
7f66e2ca2000-7f66e2ca4000 r--p 0000e000 08:03 2232404                    /usr/lib/jvm/java-8-openjdk-amd64/jre/lib/amd64/libverify.so
7f66e2ca4000-7f66e2ca5000 rw-p 00010000 08:03 2232404                    /usr/lib/jvm/java-8-openjdk-amd64/jre/lib/amd64/libverify.so
7f66e2ca5000-7f66e2cac000 r-xp 00000000 08:03 8651578                    /lib/x86_64-linux-gnu/librt-2.24.so
7f66e2cac000-7f66e2eab000 ---p 00007000 08:03 8651578                    /lib/x86_64-linux-gnu/librt-2.24.so
7f66e2eab000-7f66e2eac000 r--p 00006000 08:03 8651578                    /lib/x86_64-linux-gnu/librt-2.24.so
7f66e2eac000-7f66e2ead000 rw-p 00007000 08:03 8651578                    /lib/x86_64-linux-gnu/librt-2.24.so
7f66e2ead000-7f66e2ec3000 r-xp 00000000 08:03 8654329                    /lib/x86_64-linux-gnu/libgcc_s.so.1
7f66e2ec3000-7f66e30c2000 ---p 00016000 08:03 8654329                    /lib/x86_64-linux-gnu/libgcc_s.so.1
7f66e30c2000-7f66e30c3000 r--p 00015000 08:03 8654329                    /lib/x86_64-linux-gnu/libgcc_s.so.1
7f66e30c3000-7f66e30c4000 rw-p 00016000 08:03 8654329                    /lib/x86_64-linux-gnu/libgcc_s.so.1
7f66e30c4000-7f66e31c7000 r-xp 00000000 08:03 8651548                    /lib/x86_64-linux-gnu/libm-2.24.so
7f66e31c7000-7f66e33c6000 ---p 00103000 08:03 8651548                    /lib/x86_64-linux-gnu/libm-2.24.so
7f66e33c6000-7f66e33c7000 r--p 00102000 08:03 8651548                    /lib/x86_64-linux-gnu/libm-2.24.so
7f66e33c7000-7f66e33c8000 rw-p 00103000 08:03 8651548                    /lib/x86_64-linux-gnu/libm-2.24.so
7f66e33c8000-7f66e3539000 r-xp 00000000 08:03 1443237                    /usr/lib/x86_64-linux-gnu/libstdc++.so.6.0.22
7f66e3539000-7f66e3739000 ---p 00171000 08:03 1443237                    /usr/lib/x86_64-linux-gnu/libstdc++.so.6.0.22
7f66e3739000-7f66e3743000 r--p 00171000 08:03 1443237                    /usr/lib/x86_64-linux-gnu/libstdc++.so.6.0.22
7f66e3743000-7f66e3745000 rw-p 0017b000 08:03 1443237                    /usr/lib/x86_64-linux-gnu/libstdc++.so.6.0.22
7f66e3745000-7f66e3749000 rw-p 00000000 00:00 0 
7f66e3749000-7f66e439d000 r-xp 00000000 08:03 2232408                    /usr/lib/jvm/java-8-openjdk-amd64/jre/lib/amd64/server/libjvm.so
7f66e439d000-7f66e459c000 ---p 00c54000 08:03 2232408                    /usr/lib/jvm/java-8-openjdk-amd64/jre/lib/amd64/server/libjvm.so
7f66e459c000-7f66e462f000 r--p 00c53000 08:03 2232408                    /usr/lib/jvm/java-8-openjdk-amd64/jre/lib/amd64/server/libjvm.so
7f66e462f000-7f66e4658000 rw-p 00ce6000 08:03 2232408                    /usr/lib/jvm/java-8-openjdk-amd64/jre/lib/amd64/server/libjvm.so
7f66e4658000-7f66e4688000 rw-p 00000000 00:00 0 
7f66e4688000-7f66e481d000 r-xp 00000000 08:03 8651542                    /lib/x86_64-linux-gnu/libc-2.24.so
7f66e481d000-7f66e4a1c000 ---p 00195000 08:03 8651542                    /lib/x86_64-linux-gnu/libc-2.24.so
7f66e4a1c000-7f66e4a20000 r--p 00194000 08:03 8651542                    /lib/x86_64-linux-gnu/libc-2.24.so
7f66e4a20000-7f66e4a22000 rw-p 00198000 08:03 8651542                    /lib/x86_64-linux-gnu/libc-2.24.so
7f66e4a22000-7f66e4a26000 rw-p 00000000 00:00 0 
7f66e4a26000-7f66e4a28000 r-xp 00000000 08:03 8651545                    /lib/x86_64-linux-gnu/libdl-2.24.so
7f66e4a28000-7f66e4c28000 ---p 00002000 08:03 8651545                    /lib/x86_64-linux-gnu/libdl-2.24.so
7f66e4c28000-7f66e4c29000 r--p 00002000 08:03 8651545                    /lib/x86_64-linux-gnu/libdl-2.24.so
7f66e4c29000-7f66e4c2a000 rw-p 00003000 08:03 8651545                    /lib/x86_64-linux-gnu/libdl-2.24.so
7f66e4c2a000-7f66e4c37000 r-xp 00000000 08:03 2232372                    /usr/lib/jvm/java-8-openjdk-amd64/jre/lib/amd64/jli/libjli.so
7f66e4c37000-7f66e4e37000 ---p 0000d000 08:03 2232372                    /usr/lib/jvm/java-8-openjdk-amd64/jre/lib/amd64/jli/libjli.so
7f66e4e37000-7f66e4e38000 r--p 0000d000 08:03 2232372                    /usr/lib/jvm/java-8-openjdk-amd64/jre/lib/amd64/jli/libjli.so
7f66e4e38000-7f66e4e39000 rw-p 0000e000 08:03 2232372                    /usr/lib/jvm/java-8-openjdk-amd64/jre/lib/amd64/jli/libjli.so
7f66e4e39000-7f66e4e52000 r-xp 00000000 08:03 8654335                    /lib/x86_64-linux-gnu/libz.so.1.2.8
7f66e4e52000-7f66e5051000 ---p 00019000 08:03 8654335                    /lib/x86_64-linux-gnu/libz.so.1.2.8
7f66e5051000-7f66e5052000 r--p 00018000 08:03 8654335                    /lib/x86_64-linux-gnu/libz.so.1.2.8
7f66e5052000-7f66e5053000 rw-p 00019000 08:03 8654335                    /lib/x86_64-linux-gnu/libz.so.1.2.8
7f66e5053000-7f66e506b000 r-xp 00000000 08:03 8651576                    /lib/x86_64-linux-gnu/libpthread-2.24.so
7f66e506b000-7f66e526a000 ---p 00018000 08:03 8651576                    /lib/x86_64-linux-gnu/libpthread-2.24.so
7f66e526a000-7f66e526b000 r--p 00017000 08:03 8651576                    /lib/x86_64-linux-gnu/libpthread-2.24.so
7f66e526b000-7f66e526c000 rw-p 00018000 08:03 8651576                    /lib/x86_64-linux-gnu/libpthread-2.24.so
7f66e526c000-7f66e5270000 rw-p 00000000 00:00 0 
7f66e5270000-7f66e5293000 r-xp 00000000 08:03 8650773                    /lib/x86_64-linux-gnu/ld-2.24.so
7f66e5293000-7f66e5295000 r--s 00002000 08:03 2892819                    /opt/netbeans/java/maven/lib/plexus-cipher-1.7.jar
7f66e5295000-7f66e5297000 r--s 0000a000 08:03 2892774                    /opt/netbeans/java/maven/boot/plexus-classworlds-2.4.jar
7f66e5297000-7f66e52a1000 r--s 00116000 08:03 2232423                    /usr/lib/jvm/java-8-openjdk-amd64/jre/lib/ext/localedata.jar
7f66e52a1000-7f66e536c000 rw-p 00000000 00:00 0 
7f66e536c000-7f66e536f000 ---p 00000000 00:00 0 
7f66e536f000-7f66e5471000 rw-p 00000000 00:00 0 
7f66e5471000-7f66e5472000 r--s 0000a000 08:03 2232422                    /usr/lib/jvm/java-8-openjdk-amd64/jre/lib/ext/jaccess.jar
7f66e5472000-7f66e5474000 r--s 00007000 08:03 1841724                    /usr/share/java/java-atk-wrapper.jar
7f66e5474000-7f66e5478000 r--s 00037000 08:03 2232427                    /usr/lib/jvm/java-8-openjdk-amd64/jre/lib/ext/sunpkcs11.jar
7f66e5478000-7f66e547a000 r--s 00008000 08:03 2232425                    /usr/lib/jvm/java-8-openjdk-amd64/jre/lib/ext/sunec.jar
7f66e547a000-7f66e547d000 r--s 0000f000 08:03 2232421                    /usr/lib/jvm/java-8-openjdk-amd64/jre/lib/ext/icedtea-sound.jar
7f66e547d000-7f66e547f000 r--s 00001000 08:03 2232420                    /usr/lib/jvm/java-8-openjdk-amd64/jre/lib/ext/dnsns.jar
7f66e547f000-7f66e5484000 r--s 0003b000 08:03 2232426                    /usr/lib/jvm/java-8-openjdk-amd64/jre/lib/ext/sunjce_provider.jar
7f66e5484000-7f66e5485000 r--s 00010000 08:03 2232428                    /usr/lib/jvm/java-8-openjdk-amd64/jre/lib/ext/zipfs.jar
7f66e5485000-7f66e548d000 rw-s 00000000 08:03 4202643                    /tmp/hsperfdata_marcelo/9593
7f66e548d000-7f66e548e000 rw-p 00000000 00:00 0 
7f66e548e000-7f66e548f000 ---p 00000000 00:00 0 
7f66e548f000-7f66e5492000 rw-p 00000000 00:00 0 
7f66e5492000-7f66e5493000 r--p 00022000 08:03 8650773                    /lib/x86_64-linux-gnu/ld-2.24.so
7f66e5493000-7f66e5494000 rw-p 00023000 08:03 8650773                    /lib/x86_64-linux-gnu/ld-2.24.so
7f66e5494000-7f66e5495000 rw-p 00000000 00:00 0 
7ffd597d1000-7ffd597f2000 rw-p 00000000 00:00 0                          [stack]
7ffd597f4000-7ffd597f6000 r--p 00000000 00:00 0                          [vvar]
7ffd597f6000-7ffd597f8000 r-xp 00000000 00:00 0                          [vdso]
ffffffffff600000-ffffffffff601000 r-xp 00000000 00:00 0                  [vsyscall]

VM Arguments:
jvm_args: -Dclassworlds.conf=/opt/netbeans/java/maven/bin/m2.conf -Dmaven.home=/opt/netbeans/java/maven -Dawt.useSystemAAFontSettings=gasp 
java_command: org.codehaus.plexus.classworlds.launcher.Launcher -Dmaven.ext.class.path=/opt/netbeans/java/maven-nblib/netbeans-eventspy.jar clean install
java_class_path (initial): /opt/netbeans/java/maven/boot/plexus-classworlds-2.4.jar
Launcher Type: SUN_STANDARD

Environment Variables:
JAVA_HOME=/usr/lib/jvm/java-1.8.0-openjdk-amd64
_JAVA_OPTIONS=  -Dawt.useSystemAAFontSettings=gasp
PATH=/usr/local/bin:/usr/bin:/bin:/usr/local/games:/usr/games:/home/marcelo/Android/Sdk/tools:/home/marcelo/Android/Sdk/platform-tools
LD_LIBRARY_PATH=/usr/lib/jvm/java-1.8.0-openjdk-amd64/jre/lib/amd64:/usr/lib/jvm/java-1.8.0-openjdk-amd64/jre/lib/i386:
SHELL=/bin/bash
DISPLAY=:0

Signal Handlers:
SIGSEGV: [libjvm.so+0xa6b0b0], sa_mask[0]=11111111011111111101111111111110, sa_flags=SA_RESTART|SA_SIGINFO
SIGBUS: [libjvm.so+0xa6b0b0], sa_mask[0]=11111111011111111101111111111110, sa_flags=SA_RESTART|SA_SIGINFO
SIGFPE: [libjvm.so+0x8b5420], sa_mask[0]=11111111011111111101111111111110, sa_flags=SA_RESTART|SA_SIGINFO
SIGPIPE: [libjvm.so+0x8b5420], sa_mask[0]=11111111011111111101111111111110, sa_flags=SA_RESTART|SA_SIGINFO
SIGXFSZ: [libjvm.so+0x8b5420], sa_mask[0]=11111111011111111101111111111110, sa_flags=SA_RESTART|SA_SIGINFO
SIGILL: [libjvm.so+0x8b5420], sa_mask[0]=11111111011111111101111111111110, sa_flags=SA_RESTART|SA_SIGINFO
SIGUSR1: SIG_DFL, sa_mask[0]=00000000000000000000000000000000, sa_flags=none
SIGUSR2: [libjvm.so+0x8b52d0], sa_mask[0]=00100000000000000000000000000000, sa_flags=SA_RESTART|SA_SIGINFO
SIGHUP: [libjvm.so+0x8b5780], sa_mask[0]=11111111011111111101111111111110, sa_flags=SA_RESTART|SA_SIGINFO
SIGINT: SIG_IGN, sa_mask[0]=00000000000000000000000000000000, sa_flags=none
SIGTERM: [libjvm.so+0x8b5780], sa_mask[0]=11111111011111111101111111111110, sa_flags=SA_RESTART|SA_SIGINFO
SIGQUIT: [libjvm.so+0x8b5780], sa_mask[0]=11111111011111111101111111111110, sa_flags=SA_RESTART|SA_SIGINFO


---------------  S Y S T E M  ---------------

OS:DISTRIB_ID=Deepin
DISTRIB_RELEASE=15.3
DISTRIB_DESCRIPTION="Deepin 15.3 "
DISTRIB_CODENAME=unstable

uname:Linux 4.4.0-3-deepin-amd64 #1 SMP Deepin 4.4.30-2 (2016-12-01) x86_64
libc:glibc 2.24 NPTL 2.24 
rlimit: STACK 8192k, CORE 0k, NPROC 31139, NOFILE 65536, AS infinity
load average:12,10 4,51 2,20

/proc/meminfo:
MemTotal:        8013468 kB
MemFree:          127124 kB
MemAvailable:      92352 kB
Buffers:             908 kB
Cached:           391852 kB
SwapCached:            0 kB
Active:          7402360 kB
Inactive:         318056 kB
Active(anon):    7370604 kB
Inactive(anon):   277920 kB
Active(file):      31756 kB
Inactive(file):    40136 kB
Unevictable:         228 kB
Mlocked:             228 kB
SwapTotal:             0 kB
SwapFree:              0 kB
Dirty:                72 kB
Writeback:            88 kB
AnonPages:       7328652 kB
Mapped:           122548 kB
Shmem:            320100 kB
Slab:              60832 kB
SReclaimable:      27496 kB
SUnreclaim:        33336 kB
KernelStack:        9952 kB
PageTables:        47848 kB
NFS_Unstable:          0 kB
Bounce:                0 kB
WritebackTmp:          0 kB
CommitLimit:     4006732 kB
Committed_AS:    7941076 kB
VmallocTotal:   34359738367 kB
VmallocUsed:           0 kB
VmallocChunk:          0 kB
HardwareCorrupted:     0 kB
AnonHugePages:         0 kB
HugePages_Total:       0
HugePages_Free:        0
HugePages_Rsvd:        0
HugePages_Surp:        0
Hugepagesize:       2048 kB
DirectMap4k:      146176 kB
DirectMap2M:     8075264 kB


CPU:total 4 (2 cores per cpu, 2 threads per core) family 6 model 42 stepping 7, cmov, cx8, fxsr, mmx, sse, sse2, sse3, ssse3, sse4.1, sse4.2, popcnt, avx, aes, clmul, ht, tsc, tscinvbit

/proc/cpuinfo:
processor	: 0
vendor_id	: GenuineIntel
cpu family	: 6
model		: 42
model name	: Intel(R) Core(TM) i5-2450M CPU @ 2.50GHz
stepping	: 7
microcode	: 0x28
cpu MHz		: 2501.000
cache size	: 3072 KB
physical id	: 0
siblings	: 4
core id		: 0
cpu cores	: 2
apicid		: 0
initial apicid	: 0
fpu		: yes
fpu_exception	: yes
cpuid level	: 13
wp		: yes
flags		: fpu vme de pse tsc msr pae mce cx8 apic sep mtrr pge mca cmov pat pse36 clflush dts acpi mmx fxsr sse sse2 ss ht tm pbe syscall nx rdtscp lm constant_tsc arch_perfmon pebs bts rep_good nopl xtopology nonstop_tsc aperfmperf eagerfpu pni pclmulqdq dtes64 monitor ds_cpl vmx est tm2 ssse3 cx16 xtpr pdcm pcid sse4_1 sse4_2 x2apic popcnt tsc_deadline_timer aes xsave avx lahf_lm ida arat epb pln pts dtherm tpr_shadow vnmi flexpriority ept vpid xsaveopt
bugs		:
bogomips	: 4988.87
clflush size	: 64
cache_alignment	: 64
address sizes	: 36 bits physical, 48 bits virtual
power management:

processor	: 1
vendor_id	: GenuineIntel
cpu family	: 6
model		: 42
model name	: Intel(R) Core(TM) i5-2450M CPU @ 2.50GHz
stepping	: 7
microcode	: 0x28
cpu MHz		: 2501.000
cache size	: 3072 KB
physical id	: 0
siblings	: 4
core id		: 0
cpu cores	: 2
apicid		: 1
initial apicid	: 1
fpu		: yes
fpu_exception	: yes
cpuid level	: 13
wp		: yes
flags		: fpu vme de pse tsc msr pae mce cx8 apic sep mtrr pge mca cmov pat pse36 clflush dts acpi mmx fxsr sse sse2 ss ht tm pbe syscall nx rdtscp lm constant_tsc arch_perfmon pebs bts rep_good nopl xtopology nonstop_tsc aperfmperf eagerfpu pni pclmulqdq dtes64 monitor ds_cpl vmx est tm2 ssse3 cx16 xtpr pdcm pcid sse4_1 sse4_2 x2apic popcnt tsc_deadline_timer aes xsave avx lahf_lm ida arat epb pln pts dtherm tpr_shadow vnmi flexpriority ept vpid xsaveopt
bugs		:
bogomips	: 4988.87
clflush size	: 64
cache_alignment	: 64
address sizes	: 36 bits physical, 48 bits virtual
power management:

processor	: 2
vendor_id	: GenuineIntel
cpu family	: 6
model		: 42
model name	: Intel(R) Core(TM) i5-2450M CPU @ 2.50GHz
stepping	: 7
microcode	: 0x28
cpu MHz		: 2501.000
cache size	: 3072 KB
physical id	: 0
siblings	: 4
core id		: 1
cpu cores	: 2
apicid		: 2
initial apicid	: 2
fpu		: yes
fpu_exception	: yes
cpuid level	: 13
wp		: yes
flags		: fpu vme de pse tsc msr pae mce cx8 apic sep mtrr pge mca cmov pat pse36 clflush dts acpi mmx fxsr sse sse2 ss ht tm pbe syscall nx rdtscp lm constant_tsc arch_perfmon pebs bts rep_good nopl xtopology nonstop_tsc aperfmperf eagerfpu pni pclmulqdq dtes64 monitor ds_cpl vmx est tm2 ssse3 cx16 xtpr pdcm pcid sse4_1 sse4_2 x2apic popcnt tsc_deadline_timer aes xsave avx lahf_lm ida arat epb pln pts dtherm tpr_shadow vnmi flexpriority ept vpid xsaveopt
bugs		:
bogomips	: 4988.87
clflush size	: 64
cache_alignment	: 64
address sizes	: 36 bits physical, 48 bits virtual
power management:

processor	: 3
vendor_id	: GenuineIntel
cpu family	: 6
model		: 42
model name	: Intel(R) Core(TM) i5-2450M CPU @ 2.50GHz
stepping	: 7
microcode	: 0x28
cpu MHz		: 2501.000
cache size	: 3072 KB
physical id	: 0
siblings	: 4
core id		: 1
cpu cores	: 2
apicid		: 3
initial apicid	: 3
fpu		: yes
fpu_exception	: yes
cpuid level	: 13
wp		: yes
flags		: fpu vme de pse tsc msr pae mce cx8 apic sep mtrr pge mca cmov pat pse36 clflush dts acpi mmx fxsr sse sse2 ss ht tm pbe syscall nx rdtscp lm constant_tsc arch_perfmon pebs bts rep_good nopl xtopology nonstop_tsc aperfmperf eagerfpu pni pclmulqdq dtes64 monitor ds_cpl vmx est tm2 ssse3 cx16 xtpr pdcm pcid sse4_1 sse4_2 x2apic popcnt tsc_deadline_timer aes xsave avx lahf_lm ida arat epb pln pts dtherm tpr_shadow vnmi flexpriority ept vpid xsaveopt
bugs		:
bogomips	: 4988.87
clflush size	: 64
cache_alignment	: 64
address sizes	: 36 bits physical, 48 bits virtual
power management:



Memory: 4k page, physical 8013468k(127124k free), swap 0k(0k free)

vm_info: OpenJDK 64-Bit Server VM (25.111-b14) for linux-amd64 JRE (1.8.0_111-8u111-b14-3-b14), built on Nov  2 2016 19:05:41 by "buildd" with gcc 6.2.0 20161027

time: Thu Mar 16 00:27:19 2017
elapsed time: 90 seconds (0d 0h 1m 30s)

